<?xml version="1.0" encoding="utf-8"?><testsuites name="pytest tests"><testsuite name="pytest" errors="0" failures="15" skipped="0" tests="28" time="1.319" timestamp="2025-08-14T22:45:10.972230+08:00" hostname="MacBook-Air-2.local"><testcase classname="tests.test_consistency.test_functional_consistency.TestFunctionalConsistency" name="test_knowledge_point_crud_operations" time="0.023"><failure message="AttributeError: 'KnowledgeManager' object has no attribute 'add_knowledge_point'">tests/test_consistency/test_functional_consistency.py:20: in test_knowledge_point_crud_operations
    json_created = json_manager.add_knowledge_point(test_point)
E   AttributeError: 'KnowledgeManager' object has no attribute 'add_knowledge_point'</failure></testcase><testcase classname="tests.test_consistency.test_functional_consistency.TestFunctionalConsistency" name="test_search_functionality_consistency" time="0.002"><failure message="AttributeError: 'KnowledgeManager' object has no attribute 'add_knowledge_point'">tests/test_consistency/test_functional_consistency.py:47: in test_search_functionality_consistency
    json_manager.add_knowledge_point(point)
E   AttributeError: 'KnowledgeManager' object has no attribute 'add_knowledge_point'</failure></testcase><testcase classname="tests.test_consistency.test_functional_consistency.TestFunctionalConsistency" name="test_review_candidates_selection" time="0.002"><failure message="AttributeError: 'KnowledgeManager' object has no attribute 'add_knowledge_point'">tests/test_consistency/test_functional_consistency.py:77: in test_review_candidates_selection
    json_manager.add_knowledge_point(point)
E   AttributeError: 'KnowledgeManager' object has no attribute 'add_knowledge_point'</failure></testcase><testcase classname="tests.test_consistency.test_functional_consistency.TestFunctionalConsistency" name="test_category_filtering_consistency" time="0.002"><failure message="AttributeError: 'KnowledgeManager' object has no attribute 'add_knowledge_point'">tests/test_consistency/test_functional_consistency.py:111: in test_category_filtering_consistency
    json_manager.add_knowledge_point(point)
E   AttributeError: 'KnowledgeManager' object has no attribute 'add_knowledge_point'</failure></testcase><testcase classname="tests.test_consistency.test_functional_consistency.TestFunctionalConsistency" name="test_knowledge_point_update_consistency" time="0.002"><failure message="AttributeError: 'KnowledgeManager' object has no attribute 'add_knowledge_point'">tests/test_consistency/test_functional_consistency.py:134: in test_knowledge_point_update_consistency
    json_manager.add_knowledge_point(test_point)
E   AttributeError: 'KnowledgeManager' object has no attribute 'add_knowledge_point'</failure></testcase><testcase classname="tests.test_consistency.test_functional_consistency.TestFunctionalConsistency" name="test_knowledge_point_deletion_consistency" time="0.002"><failure message="AttributeError: 'KnowledgeManager' object has no attribute 'add_knowledge_point'">tests/test_consistency/test_functional_consistency.py:157: in test_knowledge_point_deletion_consistency
    added_point = json_manager.add_knowledge_point(test_point)
E   AttributeError: 'KnowledgeManager' object has no attribute 'add_knowledge_point'</failure></testcase><testcase classname="tests.test_consistency.test_functional_consistency.TestDataIntegrityConsistency" name="test_referential_integrity" time="0.002"><failure message="AttributeError: 'KnowledgeManager' object has no attribute 'add_knowledge_point'">tests/test_consistency/test_functional_consistency.py:191: in test_referential_integrity
    json_manager.add_knowledge_point(test_point)
E   AttributeError: 'KnowledgeManager' object has no attribute 'add_knowledge_point'</failure></testcase><testcase classname="tests.test_consistency.test_functional_consistency.TestDataIntegrityConsistency" name="test_soft_delete_consistency" time="0.002"><failure message="AttributeError: 'KnowledgeManager' object has no attribute 'add_knowledge_point'">tests/test_consistency/test_functional_consistency.py:208: in test_soft_delete_consistency
    added_point = json_manager.add_knowledge_point(test_point)
E   AttributeError: 'KnowledgeManager' object has no attribute 'add_knowledge_point'</failure></testcase><testcase classname="tests.test_consistency.test_functional_consistency.TestDataIntegrityConsistency" name="test_version_history_consistency" time="0.001"><failure message="AttributeError: 'KnowledgeManager' object has no attribute 'add_knowledge_point'">tests/test_consistency/test_functional_consistency.py:222: in test_version_history_consistency
    added_point = json_manager.add_knowledge_point(test_point)
E   AttributeError: 'KnowledgeManager' object has no attribute 'add_knowledge_point'</failure></testcase><testcase classname="tests.test_consistency.test_functional_consistency.TestPerformanceConsistency" name="test_large_dataset_performance" time="0.002"><failure message="AttributeError: 'KnowledgeManager' object has no attribute 'add_knowledge_point'">tests/test_consistency/test_functional_consistency.py:248: in test_large_dataset_performance
    json_manager.add_knowledge_point(point)
E   AttributeError: 'KnowledgeManager' object has no attribute 'add_knowledge_point'</failure></testcase><testcase classname="tests.test_consistency.test_functional_consistency.TestPerformanceConsistency" name="test_search_performance_consistency" time="0.002"><failure message="AttributeError: 'KnowledgeManager' object has no attribute 'add_knowledge_point'">tests/test_consistency/test_functional_consistency.py:271: in test_search_performance_consistency
    json_manager.add_knowledge_point(point)
E   AttributeError: 'KnowledgeManager' object has no attribute 'add_knowledge_point'</failure></testcase><testcase classname="tests.test_consistency.test_simple.TestSimpleConsistency" name="test_json_manager_basic_operation" time="0.002" /><testcase classname="tests.test_consistency.test_simple.TestSimpleConsistency" name="test_db_manager_mock_operation" time="0.001" /><testcase classname="tests.test_consistency.test_simple.TestSimpleConsistency" name="test_async_operation" time="0.001" /><testcase classname="tests.test_consistency.test_simple.TestSimpleConsistency" name="test_consistency_validator" time="0.000" /><testcase classname="tests.test_consistency.test_simple.TestBasicIntegration" name="test_both_managers_return_data" time="0.002" /><testcase classname="tests.test_consistency.test_statistics_consistency.TestStatisticsConsistency" name="test_knowledge_points_count_basic" time="0.002" /><testcase classname="tests.test_consistency.test_statistics_consistency.TestStatisticsConsistency" name="test_statistics_format_consistency" time="0.002" /><testcase classname="tests.test_consistency.test_statistics_consistency.TestStatisticsConsistency" name="test_async_sync_consistency" time="0.001" /><testcase classname="tests.test_consistency.test_statistics_consistency.TestStatisticsConsistency" name="test_category_order_consistency" time="0.002" /><testcase classname="tests.test_consistency.test_statistics_consistency.TestStatisticsConsistency" name="test_mastery_calculation_consistency" time="0.002"><failure message="AssertionError: 掌握度計算不正確: expected=0.5, actual=0.0&#10;assert 0.5 &lt; 0.01&#10; +  where 0.5 = abs((0.0 - 0.5))">tests/test_consistency/test_statistics_consistency.py:112: in test_mastery_calculation_consistency
    assert abs(actual_avg - expected_avg) &lt; 0.01, (
E   AssertionError: 掌握度計算不正確: expected=0.5, actual=0.0
E   assert 0.5 &lt; 0.01
E    +  where 0.5 = abs((0.0 - 0.5))</failure></testcase><testcase classname="tests.test_consistency.test_statistics_consistency.TestStatisticsConsistency" name="test_empty_data_consistency" time="0.002" /><testcase classname="tests.test_consistency.test_statistics_consistency.TestStatisticsConsistency" name="test_practice_count_calculation" time="0.001"><failure message="AttributeError: 'KnowledgeManager' object has no attribute 'add_knowledge_point'">tests/test_consistency/test_statistics_consistency.py:141: in test_practice_count_calculation
    json_manager.add_knowledge_point(point)
E   AttributeError: 'KnowledgeManager' object has no attribute 'add_knowledge_point'</failure></testcase><testcase classname="tests.test_consistency.test_statistics_consistency.TestStatisticsAccuracy" name="test_statistics_with_known_data" time="0.001"><failure message="AttributeError: 'KnowledgeManager' object has no attribute 'add_knowledge_point'">tests/test_consistency/test_statistics_consistency.py:164: in test_statistics_with_known_data
    json_manager.add_knowledge_point(point)
E   AttributeError: 'KnowledgeManager' object has no attribute 'add_knowledge_point'</failure></testcase><testcase classname="tests.test_consistency.test_statistics_consistency.TestStatisticsAccuracy" name="test_incremental_statistics_update" time="0.001"><failure message="KeyError: 'total_knowledge_points'">tests/test_consistency/test_statistics_consistency.py:184: in test_incremental_statistics_update
    initial_count = initial_stats["total_knowledge_points"]
E   KeyError: 'total_knowledge_points'</failure></testcase><testcase classname="tests.test_consistency.test_statistics_consistency.TestConsistencyValidator" name="test_validator_statistics_match_success" time="0.000" /><testcase classname="tests.test_consistency.test_statistics_consistency.TestConsistencyValidator" name="test_validator_statistics_match_failure" time="0.001" /><testcase classname="tests.test_consistency.test_statistics_consistency.TestConsistencyValidator" name="test_validator_categories_match" time="0.034" /></testsuite></testsuites>